<?xml version="1.0" encoding="UTF-8"?>
<!-- Generated by org.testng.reporters.JUnitReportReporter -->
<testsuite skipped="0" hostname="LT-9JNYL32" name="TestCases.VerifyLoginFunction" tests="1" failures="0" timestamp="17 May 2020 23:17:23 GMT" time="9.271" errors="0">
  <testcase name="createNewAccount" time="9.271" classname="TestCases.VerifyLoginFunction"/>
</testsuite> <!-- TestCases.VerifyLoginFunction -->
